<?xml version="1.0" encoding="UTF-8"?>
<!-- Generated by org.testng.reporters.JUnitXMLReporter -->
<testsuite ignored="0" hostname="DESKTOP-JET7EDG" failures="0" tests="3" name="Default test" time="44.764" errors="0" timestamp="2024-06-20T08:14:04 IST">
  <testcase classname="testCases.LoginPage_Test" name="loginToApplicationTest" time="5.405"/>
  <testcase classname="testCases.LoginPage_Test" name="verifyTitleOfApplicationTest" time="0.316"/>
  <testcase classname="testCases.LoginPage_Test" name="verifyURLOfApplicationTest" time="0.331"/>
</testsuite> <!-- Default test -->
