<?xml version="1.0" encoding="UTF-8"?>
<testng-results ignored="0" total="3" passed="3" failed="0" skipped="0">
  <reporter-output>
    <line>
      <![CDATA[Login Successful= https://www.saucedemo.com/inventory.html]]>
    </line>
    <line>
      <![CDATA[The URL of SWag lab = https://www.saucedemo.com/]]>
    </line>
  </reporter-output>
  <suite started-at="2024-06-20T08:13:19 IST" name="Default suite" finished-at="2024-06-20T08:14:04 IST" duration-ms="44764">
    <groups>
      <group name="Sanity">
        <method signature="LoginPage_Test.loginToApplicationTest()[pri:0, instance:testCases.LoginPage_Test@29a5f4e7]" name="loginToApplicationTest" class="testCases.LoginPage_Test"/>
        <method signature="LoginPage_Test.verifyURLOfApplicationTest()[pri:0, instance:testCases.LoginPage_Test@29a5f4e7]" name="verifyURLOfApplicationTest" class="testCases.LoginPage_Test"/>
      </group> <!-- Sanity -->
      <group name="Retest">
        <method signature="LoginPage_Test.verifyTitleOfApplicationTest()[pri:0, instance:testCases.LoginPage_Test@29a5f4e7]" name="verifyTitleOfApplicationTest" class="testCases.LoginPage_Test"/>
      </group> <!-- Retest -->
    </groups>
    <test started-at="2024-06-20T08:13:19 IST" name="Default test" finished-at="2024-06-20T08:14:04 IST" duration-ms="44764">
      <class name="testCases.LoginPage_Test">
        <test-method is-config="true" signature="setUp()[pri:0, instance:testCases.LoginPage_Test@29a5f4e7]" started-at="2024-06-20T08:13:19 IST" name="setUp" finished-at="2024-06-20T08:13:36 IST" duration-ms="16281" status="PASS">
          <reporter-output>
          </reporter-output>
        </test-method> <!-- setUp -->
        <test-method signature="loginToApplicationTest()[pri:0, instance:testCases.LoginPage_Test@29a5f4e7]" started-at="2024-06-20T08:13:36 IST" name="loginToApplicationTest" finished-at="2024-06-20T08:13:41 IST" duration-ms="5405" status="PASS">
          <reporter-output>
            <line>
              <![CDATA[Login Successful= https://www.saucedemo.com/inventory.html]]>
            </line>
          </reporter-output>
        </test-method> <!-- loginToApplicationTest -->
        <test-method is-config="true" signature="closeBrowser(org.testng.ITestResult)[pri:0, instance:testCases.LoginPage_Test@29a5f4e7]" started-at="2024-06-20T08:13:41 IST" name="closeBrowser" finished-at="2024-06-20T08:13:46 IST" duration-ms="4682" status="PASS">
          <params>
            <param index="0">
              <value>
                <![CDATA[[TestResult name=loginToApplicationTest status=SUCCESS method=LoginPage_Test.loginToApplicationTest()[pri:0, instance:testCases.LoginPage_Test@29a5f4e7] output=Login Successful= https://www.saucedemo.com/inventory.html]]]>
              </value>
            </param>
          </params>
          <reporter-output>
          </reporter-output>
        </test-method> <!-- closeBrowser -->
        <test-method is-config="true" signature="setUp()[pri:0, instance:testCases.LoginPage_Test@29a5f4e7]" started-at="2024-06-20T08:13:46 IST" name="setUp" finished-at="2024-06-20T08:13:54 IST" duration-ms="7717" status="PASS">
          <reporter-output>
          </reporter-output>
        </test-method> <!-- setUp -->
        <test-method signature="verifyTitleOfApplicationTest()[pri:0, instance:testCases.LoginPage_Test@29a5f4e7]" started-at="2024-06-20T08:13:54 IST" name="verifyTitleOfApplicationTest" finished-at="2024-06-20T08:13:54 IST" duration-ms="316" status="PASS">
          <reporter-output>
          </reporter-output>
        </test-method> <!-- verifyTitleOfApplicationTest -->
        <test-method is-config="true" signature="closeBrowser(org.testng.ITestResult)[pri:0, instance:testCases.LoginPage_Test@29a5f4e7]" started-at="2024-06-20T08:13:54 IST" name="closeBrowser" finished-at="2024-06-20T08:13:55 IST" duration-ms="979" status="PASS">
          <params>
            <param index="0">
              <value>
                <![CDATA[[TestResult name=verifyTitleOfApplicationTest status=SUCCESS method=LoginPage_Test.verifyTitleOfApplicationTest()[pri:0, instance:testCases.LoginPage_Test@29a5f4e7] output={null}]]]>
              </value>
            </param>
          </params>
          <reporter-output>
          </reporter-output>
        </test-method> <!-- closeBrowser -->
        <test-method is-config="true" signature="setUp()[pri:0, instance:testCases.LoginPage_Test@29a5f4e7]" started-at="2024-06-20T08:13:55 IST" name="setUp" finished-at="2024-06-20T08:14:03 IST" duration-ms="7562" status="PASS">
          <reporter-output>
          </reporter-output>
        </test-method> <!-- setUp -->
        <test-method signature="verifyURLOfApplicationTest()[pri:0, instance:testCases.LoginPage_Test@29a5f4e7]" started-at="2024-06-20T08:14:03 IST" name="verifyURLOfApplicationTest" finished-at="2024-06-20T08:14:03 IST" duration-ms="331" status="PASS">
          <reporter-output>
            <line>
              <![CDATA[The URL of SWag lab = https://www.saucedemo.com/]]>
            </line>
          </reporter-output>
        </test-method> <!-- verifyURLOfApplicationTest -->
        <test-method is-config="true" signature="closeBrowser(org.testng.ITestResult)[pri:0, instance:testCases.LoginPage_Test@29a5f4e7]" started-at="2024-06-20T08:14:03 IST" name="closeBrowser" finished-at="2024-06-20T08:14:04 IST" duration-ms="767" status="PASS">
          <params>
            <param index="0">
              <value>
                <![CDATA[[TestResult name=verifyURLOfApplicationTest status=SUCCESS method=LoginPage_Test.verifyURLOfApplicationTest()[pri:0, instance:testCases.LoginPage_Test@29a5f4e7] output=The URL of SWag lab = https://www.saucedemo.com/]]]>
              </value>
            </param>
          </params>
          <reporter-output>
          </reporter-output>
        </test-method> <!-- closeBrowser -->
      </class> <!-- testCases.LoginPage_Test -->
    </test> <!-- Default test -->
  </suite> <!-- Default suite -->
</testng-results>
